1.0143 	WARNING 	We strongly recommend you activate the PTB sound engine in PsychoPy prefs as the preferred audio engine. Its timing is vastly superior. Your prefs are currently set to use ['sounddevice', 'PTB', 'pyo', 'pygame'] (in that order).
3.9581 	WARNING 	User requested fullscreen with size [1536  864], but screen is actually [1920, 1080]. Using actual size
4.3393 	EXP 	Created window1 = Window(allowGUI=True, allowStencil=False, autoLog=True, backendConf=UNKNOWN, bitsMode=UNKNOWN, blendMode='avg', bpc=(8, 8, 8), color=array([1., 1., 1.]), colorSpace='rgb', depthBits=8, fullscr=<method-wrapper '__getattribute__' of attributeSetter object at 0x00000220F0E03520>, gamma=None, gammaErrorPolicy='raise', lms=UNKNOWN, monitor=<psychopy.monitors.calibTools.Monitor object at 0x00000220F2D62610>, multiSample=False, name='window1', numSamples=2, pos=(-1920, 0), screen=0, size=array([1920, 1080]), stencilBits=0, stereo=False, units='height', useFBO=True, useRetina=False, viewOri=0.0, viewPos=None, viewScale=None, waitBlanking=True, winType='pyglet')
4.3393 	EXP 	window1: mouseVisible = True
4.3394 	EXP 	window1: mouseVisible = False
4.3394 	EXP 	window1: Attempting to measure frame rate of screen (0) ...
4.3394 	EXP 	window1: recordFrameIntervals = False
4.4085 	EXP 	window1: recordFrameIntervals = True
4.4851 	EXP 	Screen (0) actual frame rate measured at 143.85Hz
4.4851 	EXP 	window1: recordFrameIntervals = False
9.3318 	EXP 	Created calb_img = ImageStim(__class__=<class 'psychopy.visual.image.ImageStim'>, anchor=('center', 'center'), autoLog=True, color=array([1, 1, 1]), colorSpace='rgb', contrast=1.0, depth=0.0, flipHoriz=False, flipVert=False, image='instructions/calib_i.jpeg', interpolate=True, mask=None, maskParams=None, name='calb_img', opacity=1.0, ori=0.0, pos=array([0., 0.]), size=array([1.77777778, 1.        ]), texRes=128.0, units='height', win=Window(...))
9.5188 	EXP 	Created valid_img = ImageStim(__class__=<class 'psychopy.visual.image.ImageStim'>, anchor=('center', 'center'), autoLog=True, color=array([1, 1, 1]), colorSpace='rgb', contrast=1.0, depth=0.0, flipHoriz=False, flipVert=False, image='instructions/valid_i.jpeg', interpolate=True, mask=None, maskParams=None, name='valid_img', opacity=1.0, ori=0.0, pos=array([0., 0.]), size=array([1.77777778, 1.        ]), texRes=128.0, units='height', win=Window(...))
9.5954 	EXP 	Created calib_text = TextStim(__class__=<class 'psychopy.visual.text.TextStim'>, alignHoriz=method-wrapper(...), alignText='center', alignVert=method-wrapper(...), anchorHoriz='center', anchorVert='center', antialias=True, autoDraw=False, autoLog=True, bold=False, color=array([-1, -1, -1]), colorSpace='rgb', contrast=1.0, depth=-1.0, flipHoriz=False, flipVert=False, font='Open Sans', fontFiles=[], height=0.05, italic=False, languageStyle='LTR', name='calib_text', opacity=1.0, ori=0.0, pos=array([0., 0.]), rgb=UNKNOWN, text='', units='height', win=Window(...), wrapWidth=1)
9.6220 	EXP 	Created txt_title = TextStim(__class__=<class 'psychopy.visual.text.TextStim'>, alignHoriz=method-wrapper(...), alignText='center', alignVert=method-wrapper(...), anchorHoriz='center', anchorVert='center', antialias=True, autoDraw=False, autoLog=True, bold=False, color=array([-1., -1., -1.]), colorSpace='rgb', contrast=1.0, depth=0.0, flipHoriz=False, flipVert=False, font='Open Sans', fontFiles=[], height=0.05, italic=False, languageStyle='LTR', name='txt_title', opacity=1.0, ori=0.0, pos=array([0. , 0.4]), rgb=UNKNOWN, text='::: Safety Inspecter :::', units='height', win=Window(...), wrapWidth=1)
9.7545 	EXP 	Created img_title = ImageStim(__class__=<class 'psychopy.visual.image.ImageStim'>, anchor=('center', 'center'), autoLog=True, color=array([1, 1, 1]), colorSpace='rgb', contrast=1.0, depth=-1.0, flipHoriz=False, flipVert=False, image=str(...), interpolate=True, mask=None, maskParams=None, name='img_title', opacity=1.0, ori=0.0, pos=array([0., 0.]), size=array([1. , 0.7]), texRes=128.0, units='height', win=Window(...))
9.7605 	EXP 	Created txt_continue = TextStim(__class__=<class 'psychopy.visual.text.TextStim'>, alignHoriz=method-wrapper(...), alignText='center', alignVert=method-wrapper(...), anchorHoriz='center', anchorVert='center', antialias=True, autoDraw=False, autoLog=True, bold=False, color=array([-1., -1., -1.]), colorSpace='rgb', contrast=1.0, depth=-2.0, flipHoriz=False, flipVert=False, font='Open Sans', fontFiles=[], height=0.05, italic=False, languageStyle='LTR', name='txt_continue', opacity=1.0, ori=0.0, pos=array([ 0. , -0.4]), rgb=UNKNOWN, text=':: Press space to start  ::', units='height', win=Window(...), wrapWidth=1)
9.7645 	EXP 	Created inst_title = TextStim(__class__=<class 'psychopy.visual.text.TextStim'>, alignHoriz=method-wrapper(...), alignText='center', alignVert=method-wrapper(...), anchorHoriz='center', anchorVert='center', antialias=True, autoDraw=False, autoLog=True, bold=False, color=array([-1., -1., -1.]), colorSpace='rgb', contrast=1.0, depth=0.0, flipHoriz=False, flipVert=False, font='Open Sans', fontFiles=[], height=0.05, italic=False, languageStyle='LTR', name='inst_title', opacity=1.0, ori=0.0, pos=array([0. , 0.4]), rgb=UNKNOWN, text='::: Instructions :::', units='height', win=Window(...), wrapWidth=1)
9.7830 	EXP 	Created text = TextStim(__class__=<class 'psychopy.visual.text.TextStim'>, alignHoriz=method-wrapper(...), alignText='center', alignVert=method-wrapper(...), anchorHoriz='center', anchorVert='center', antialias=True, autoDraw=False, autoLog=True, bold=False, color=array([-1., -1., -1.]), colorSpace='rgb', contrast=1.0, depth=-1.0, flipHoriz=False, flipVert=False, font='Open Sans', fontFiles=[], height=0.05, italic=False, languageStyle='LTR', name='text', opacity=1.0, ori=0.0, pos=array([ 0.  , -0.05]), rgb=UNKNOWN, text=str(...), units='height', win=Window(...), wrapWidth=1)
9.7887 	EXP 	Created img_fix = ImageStim(__class__=<class 'psychopy.visual.image.ImageStim'>, anchor=('center', 'center'), autoLog=True, color=array([1, 1, 1]), colorSpace='rgb', contrast=1.0, depth=0.0, flipHoriz=False, flipVert=False, image='sin', interpolate=True, mask=None, maskParams=None, name='img_fix', opacity=1.0, ori=0.0, pos=array([0., 0.]), size=array([0.88888889, 0.5       ]), texRes=128.0, units='height', win=Window(...))
9.7966 	EXP 	Created img_ques = ImageStim(__class__=<class 'psychopy.visual.image.ImageStim'>, anchor=('center', 'center'), autoLog=True, color=array([1, 1, 1]), colorSpace='rgb', contrast=1.0, depth=-2.0, flipHoriz=False, flipVert=False, image='sin', interpolate=True, mask=None, maskParams=None, name='img_ques', opacity=1.0, ori=0.0, pos=array([0., 0.]), size=array([0.88888889, 0.5       ]), texRes=128.0, units='height', win=Window(...))
9.8021 	EXP 	Created answer = ImageStim(__class__=<class 'psychopy.visual.image.ImageStim'>, anchor=('center', 'center'), autoLog=True, color=array([1, 1, 1]), colorSpace='rgb', contrast=1.0, depth=-2.0, flipHoriz=False, flipVert=False, image='sin', interpolate=True, mask=None, maskParams=None, name='answer', opacity=1.0, ori=0.0, pos=array([0., 0.]), size=array([0.88888889, 0.5       ]), texRes=128.0, units='height', win=Window(...))
9.8032 	EXP 	Created nasa_question = TextStim(__class__=<class 'psychopy.visual.text.TextStim'>, alignHoriz=method-wrapper(...), alignText='center', alignVert=method-wrapper(...), anchorHoriz='center', anchorVert='center', antialias=True, autoDraw=False, autoLog=True, bold=False, color=array([-1, -1, -1]), colorSpace='rgb', contrast=1.0, depth=0.0, flipHoriz=False, flipVert=False, font='Open Sans', fontFiles=[], height=0.02, italic=False, languageStyle='LTR', name='nasa_question', opacity=1.0, ori=0.0, pos=array([0. , 0.3]), rgb=UNKNOWN, text='', units='height', win=Window(...), wrapWidth=1.0)
9.8037 	EXP 	Created nasa_tresec = TextStim(__class__=<class 'psychopy.visual.text.TextStim'>, alignHoriz=method-wrapper(...), alignText='center', alignVert=method-wrapper(...), anchorHoriz='center', anchorVert='center', antialias=True, autoDraw=False, autoLog=True, bold=False, color=array([-1, -1, -1]), colorSpace='rgb', contrast=1.0, depth=-1.0, flipHoriz=False, flipVert=False, font='Open Sans', fontFiles=[], height=0.05, italic=False, languageStyle='LTR', name='nasa_tresec', opacity=1.0, ori=0.0, pos=array([0. , 0.2]), rgb=UNKNOWN, text='', units='height', win=Window(...), wrapWidth=1)
9.8089 	EXP 	window1: mouseVisible = True
9.8446 	EXP 	Created nasa_slider = Slider(__class__=<class 'psychopy.visual.slider.Slider'>, autoDraw=False, autoLog=True, borderColor=None, color=None, colorSpace='rgb', depth=-2, fillColor=None, flip=False, font='Open Sans', granularity=1.0, labelColor=None, labelHeight=0.03, labelWrapWidth=None, labels=['no', 'yes'], lineColor=None, markerColor=None, name='nasa_slider', opacity=None, ori=0.0, pos=array([0., 0.]), readOnly=False, self=UNKNOWN, size=array([1.  , 0.02]), startValue=None, style='radio', styleTweaks=[], ticks=ndarray(...), units='height', win=Window(...))
10.0539 	EXP 	Created end_img = ImageStim(__class__=<class 'psychopy.visual.image.ImageStim'>, anchor=('center', 'center'), autoLog=True, color=array([1, 1, 1]), colorSpace='rgb', contrast=1.0, depth=0.0, flipHoriz=False, flipVert=False, image='stimuli/thankyou.jpg', interpolate=True, mask=None, maskParams=None, name='end_img', opacity=1.0, ori=0.0, pos=array([0., 0.]), size=array([1.77777778, 1.        ]), texRes=128.0, units='height', win=Window(...))
10.1821 	EXP 	nasa_slider: autoLog = True
10.1821 	EXP 	nasa_slider: markerPos = None
10.1821 	EXP 	nasa_slider: styleTweaks = []
10.1821 	EXP 	nasa_slider: styleTweaks = []
10.1821 	EXP 	nasa_slider: styleTweaks = []
10.1821 	EXP 	nasa_slider: styleTweaks = []
10.1821 	EXP 	nasa_slider: contrast = 1.0
10.1821 	EXP 	nasa_slider: autoLog = True
10.1821 	EXP 	calb_img: autoDraw = True
12.5349 	EXP 	Created sequence: sequential, trialTypes=1, nReps=10, seed=None
12.5351 	EXP 	New trial (rep=0, index=0): None
12.5384 	EXP 	Created calibrationTarget = ShapeStim(__class__=<class 'psychopy.visual.shape.ShapeStim'>, anchor=('center', 'center'), autoDraw=False, autoLog=True, closeShape=True, color=method-wrapper(...), colorSpace='rgb', contrast=None, depth=0, fillColor=array([1, 1, 1]), fillColorSpace='rgb', fillRGB=array([1, 1, 1]), interpolate=True, lineColor=array([-1, -1, -1]), lineColorSpace='rgb', lineRGB=array([-1, -1, -1]), lineWidth=2.0, name='calibrationTarget', opacity=1.0, ori=0.0, pos=array([0., 0.]), size=array([0., 0.]), units='height', vertices=ndarray(...), win=Window(...), windingRule=None)
12.5418 	EXP 	Created calibrationTargetInner = ShapeStim(__class__=<class 'psychopy.visual.shape.ShapeStim'>, anchor=('center', 'center'), autoDraw=False, autoLog=True, closeShape=True, color=method-wrapper(...), colorSpace='rgb', contrast=None, depth=0, fillColor=array([-1.        ,  0.00392157, -1.        ]), fillColorSpace='rgb', fillRGB=array([-1.        ,  0.00392157, -1.        ]), interpolate=True, lineColor=array([-1, -1, -1]), lineColorSpace='rgb', lineRGB=array([-1, -1, -1]), lineWidth=2.0, name='calibrationTargetInner', opacity=1.0, ori=0.0, pos=array([0., 0.]), size=array([0., 0.]), units='height', vertices=ndarray(...), win=Window(...), windingRule=None)
64.2376 	EXP 	calb_img: autoDraw = False
64.2842 	EXP 	valid_img: autoDraw = True
65.3047 	EXP 	Created validationTarget = ShapeStim(__class__=<class 'psychopy.visual.shape.ShapeStim'>, anchor=('center', 'center'), autoDraw=False, autoLog=True, closeShape=True, color=method-wrapper(...), colorSpace='rgb', contrast=None, depth=0, fillColor=array([1, 1, 1]), fillColorSpace='rgb', fillRGB=array([1, 1, 1]), interpolate=True, lineColor=array([-1, -1, -1]), lineColorSpace='rgb', lineRGB=array([-1, -1, -1]), lineWidth=2.0, name='validationTarget', opacity=1.0, ori=0.0, pos=array([0., 0.]), size=array([0., 0.]), units='height', vertices=ndarray(...), win=Window(...), windingRule=None)
65.3076 	EXP 	Created validationTargetInner = ShapeStim(__class__=<class 'psychopy.visual.shape.ShapeStim'>, anchor=('center', 'center'), autoDraw=False, autoLog=True, closeShape=True, color=method-wrapper(...), colorSpace='rgb', contrast=None, depth=0, fillColor=array([-1.        ,  0.00392157, -1.        ]), fillColorSpace='rgb', fillRGB=array([-1.        ,  0.00392157, -1.        ]), interpolate=True, lineColor=array([-1, -1, -1]), lineColorSpace='rgb', lineRGB=array([-1, -1, -1]), lineWidth=2.0, name='validationTargetInner', opacity=1.0, ori=0.0, pos=array([0., 0.]), size=array([0., 0.]), units='height', vertices=ndarray(...), win=Window(...), windingRule=None)
65.4333 	EXP 	Created unnamed GratingStim = GratingStim(__class__=<class 'psychopy.visual.grating.GratingStim'>, anchor='center', autoDraw=False, autoLog=True, blendmode='avg', color=array([-1.        ,  0.00392157, -1.        ]), colorSpace='rgb', contrast=1.0, depth=0, interpolate=False, mask='gauss', maskParams=None, name='unnamed GratingStim', opacity=0.8, ori=0.0, phase=array([0., 0.]), pos=array([0., 0.]), rgbPedestal=array([0., 0., 0.]), sf=array([0.00981534, 0.00981534]), size=array([101.881344, 101.881344]), tex=None, texRes=128, units='pix', win=Window(...))
65.4615 	DATA 	Keypress: space
65.4645 	EXP 	valid_img: autoDraw = False
84.6262 	EXP 	Created unnamed TextStim = TextStim(__class__=<class 'psychopy.visual.text.TextStim'>, alignHoriz=method-wrapper(...), alignText='center', alignVert=method-wrapper(...), anchorHoriz='center', anchorVert='center', antialias=True, autoDraw=False, autoLog=True, bold=False, color=array([-1, -1, -1]), colorSpace='rgb', contrast=1.0, depth=0, flipHoriz=False, flipVert=False, font='', fontFiles=[], height=24.0, italic=False, languageStyle='LTR', name='unnamed TextStim', opacity=1.0, ori=0.0, pos=array([  0., 513.]), rgb=UNKNOWN, text=str(...), units='pix', win=Window(...), wrapWidth=1536.0)
84.6388 	EXP 	Created unnamed TextStim = TextStim(__class__=<class 'psychopy.visual.text.TextStim'>, alignHoriz=method-wrapper(...), alignText='center', alignVert=method-wrapper(...), anchorHoriz='center', anchorVert='center', antialias=True, autoDraw=False, autoLog=True, bold=True, color=array([-1, -1, -1]), colorSpace='rgb', contrast=1.0, depth=0, flipHoriz=False, flipVert=False, font='', fontFiles=[], height=20.0, italic=False, languageStyle='LTR', name='unnamed TextStim', opacity=1.0, ori=0.0, pos=array([   0., -513.]), rgb=UNKNOWN, text='Press SPACE to continue.', units='pix', win=Window(...), wrapWidth=1536.0)
94.0078 	DATA 	Mouse: Left button down, pos=(950,538)
94.0081 	DATA 	Mouse:  Left button up, pos=(950,538)
94.0082 	DATA 	Keypress: space
94.0116 	EXP 	calib_text: height = 0.05
94.0116 	EXP 	calib_text: height = 0.05
94.0116 	EXP 	calib_text: height = 0.05
94.0116 	EXP 	calib_text: text = 'Validation Results in height units\nMin: 0.0045, Max: 0.0983, Mean: 0.0322 (height units)\n\nValidation Results in degree visual angle\nMin: 0.0814, Max: 1.7747, Mean: 0.5816\n\nRecalibrate (y/n)?'
94.0116 	EXP 	calib_text: autoDraw = True
100.6231 	DATA 	Keypress: n
100.6315 	EXP 	calib_text: autoDraw = False
100.6315 	EXP 	txt_title: autoDraw = True
100.6315 	EXP 	img_title: autoDraw = True
100.6315 	EXP 	txt_continue: autoDraw = True
115.8986 	DATA 	Keypress: space
115.9040 	EXP 	txt_title: autoDraw = False
115.9040 	EXP 	img_title: autoDraw = False
115.9040 	EXP 	txt_continue: autoDraw = False
115.9040 	EXP 	inst_title: autoDraw = True
115.9040 	EXP 	text: autoDraw = True
118.5712 	EXP 	Imported trials_code.csv as conditions, 3 conditions, 5 params
118.5718 	EXP 	Created sequence: random, trialTypes=3, nReps=1, seed=None
118.5720 	EXP 	New trial (rep=0, index=0): OrderedDict([('trial_id', 'ts01'), ('fix', 'tsf01.jpeg'), ('ques', 'tsq01.jpeg'), ('answ', 'tsa01.jpeg'), ('cor', 'c')])
118.6671 	DATA 	Keypress: space
118.6712 	EXP 	inst_title: autoDraw = False
118.6712 	EXP 	text: autoDraw = False
118.6712 	EXP 	img_fix: image = 'stimuli/tsf01.jpeg'
118.6712 	EXP 	img_fix: autoDraw = True
119.1409 	EXP 	img_fix: autoDraw = False
119.1409 	EXP 	img_ques: image = 'stimuli/tsq01.jpeg'
119.5715 	EXP 	img_ques: autoDraw = True
119.5718 	EXP 	eyetracker.clearEvents()
119.5723 	EXP 	eyetracker.setRecordingState(True)
125.8368 	EXP 	eyetracker.setRecordingState(False)
125.9098 	DATA 	Keypress: space
125.9109 	EXP 	img_ques: autoDraw = False
125.9109 	EXP 	answer: image = 'stimuli/tsa01.jpeg'
126.3426 	EXP 	answer: autoDraw = True
126.3429 	EXP 	eyetracker.clearEvents()
126.3432 	EXP 	eyetracker.setRecordingState(True)
128.1662 	DATA 	Keypress: space
129.7025 	DATA 	Keypress: space
130.8212 	DATA 	Mouse: Left button down, pos=(1162,505)
131.0442 	DATA 	Mouse:  Left button up, pos=(1162,505)
131.6551 	DATA 	Keypress: space
133.4464 	EXP 	eyetracker.setRecordingState(False)
133.4468 	EXP 	New trial (rep=0, index=1): OrderedDict([('trial_id', 'ts02'), ('fix', 'tsf02.jpeg'), ('ques', 'tsq02.jpeg'), ('answ', 'tsa02.jpeg'), ('cor', 'b')])
133.4735 	DATA 	Keypress: c
133.4767 	EXP 	answer: autoDraw = False
133.4767 	EXP 	img_fix: image = 'stimuli/tsf02.jpeg'
133.4767 	EXP 	img_fix: autoDraw = True
133.9806 	EXP 	img_fix: autoDraw = False
133.9806 	EXP 	img_ques: image = 'stimuli/tsq02.jpeg'
134.4484 	EXP 	img_ques: autoDraw = True
134.4486 	EXP 	eyetracker.clearEvents()
134.4489 	EXP 	eyetracker.setRecordingState(True)
136.2967 	EXP 	eyetracker.setRecordingState(False)
136.3197 	DATA 	Keypress: space
136.3234 	EXP 	img_ques: autoDraw = False
136.3234 	EXP 	answer: image = 'stimuli/tsa02.jpeg'
136.7960 	EXP 	eyetracker.clearEvents()
136.7965 	EXP 	eyetracker.setRecordingState(True)
136.8029 	EXP 	answer: autoDraw = True
137.7353 	EXP 	eyetracker.setRecordingState(False)
137.7356 	EXP 	New trial (rep=0, index=2): OrderedDict([('trial_id', 'ts03'), ('fix', 'tsf03.jpeg'), ('ques', 'tsq03.jpeg'), ('answ', 'tsa03.jpeg'), ('cor', 'b')])
137.7639 	DATA 	Keypress: c
137.7665 	EXP 	answer: autoDraw = False
137.7665 	EXP 	img_fix: image = 'stimuli/tsf03.jpeg'
137.7665 	EXP 	img_fix: autoDraw = True
138.2123 	DATA 	Keypress: space
138.2662 	EXP 	img_fix: autoDraw = False
138.2662 	EXP 	img_ques: image = 'stimuli/tsq03.jpeg'
138.7390 	EXP 	img_ques: autoDraw = True
138.7392 	EXP 	eyetracker.clearEvents()
138.7396 	EXP 	eyetracker.setRecordingState(True)
139.9195 	EXP 	eyetracker.setRecordingState(False)
139.9431 	DATA 	Keypress: space
139.9440 	EXP 	img_ques: autoDraw = False
139.9440 	EXP 	answer: image = 'stimuli/tsa03.jpeg'
140.4235 	EXP 	answer: autoDraw = True
140.4239 	EXP 	eyetracker.clearEvents()
140.4245 	EXP 	eyetracker.setRecordingState(True)
141.3214 	EXP 	eyetracker.setRecordingState(False)
141.3240 	EXP 	Imported nasa_tlx_eng.csv as conditions, 6 conditions, 2 params
141.3243 	EXP 	Created sequence: random, trialTypes=6, nReps=1, seed=None
141.3245 	EXP 	New trial (rep=0, index=0): OrderedDict([('nasa_ques', '::: MENTAL DEMAND :::'), ('nasa_tre', 'Was the task mentally demanding?')])
141.3410 	DATA 	Keypress: a
141.3486 	EXP 	answer: autoDraw = False
141.3486 	EXP 	nasa_question: height = 0.02
141.3486 	EXP 	nasa_question: height = 0.02
141.3486 	EXP 	nasa_question: height = 0.02
141.3486 	EXP 	nasa_question: text = '::: MENTAL DEMAND :::'
141.3486 	EXP 	nasa_tresec: height = 0.05
141.3486 	EXP 	nasa_tresec: height = 0.05
141.3486 	EXP 	nasa_tresec: height = 0.05
141.3486 	EXP 	nasa_tresec: text = 'Was the task mentally demanding?'
141.3486 	EXP 	nasa_slider: markerPos = None
141.3486 	EXP 	nasa_slider: markerPos = None
141.3486 	EXP 	nasa_question: autoDraw = True
141.3486 	EXP 	nasa_tresec: autoDraw = True
141.3486 	EXP 	nasa_slider: autoDraw = True
144.5225 	DATA 	Mouse: Left button down, pos=(826,532)
144.5303 	EXP 	nasa_slider: markerPos = 8.142592592592592
144.5369 	EXP 	nasa_slider: markerPos = 8.142592592592592
144.5439 	EXP 	nasa_slider: markerPos = 8.142592592592592
144.5508 	EXP 	nasa_slider: markerPos = 8.142592592592592
144.5577 	EXP 	nasa_slider: markerPos = 8.142592592592592
144.5647 	EXP 	nasa_slider: markerPos = 8.142592592592592
144.5717 	EXP 	nasa_slider: markerPos = 8.142592592592592
144.5786 	EXP 	nasa_slider: markerPos = 8.142592592592592
144.5855 	EXP 	nasa_slider: markerPos = 8.142592592592592
144.5925 	EXP 	nasa_slider: markerPos = 8.142592592592592
144.5994 	EXP 	nasa_slider: markerPos = 8.142592592592592
144.6064 	EXP 	nasa_slider: markerPos = 8.142592592592592
144.6133 	EXP 	nasa_slider: markerPos = 8.142592592592592
144.6202 	EXP 	nasa_slider: markerPos = 8.142592592592592
144.6272 	EXP 	nasa_slider: markerPos = 8.142592592592592
144.6342 	EXP 	nasa_slider: markerPos = 8.142592592592592
144.6412 	EXP 	nasa_slider: markerPos = 8.142592592592592
144.6481 	EXP 	nasa_slider: markerPos = 8.142592592592592
144.6550 	EXP 	nasa_slider: markerPos = 8.142592592592592
144.6620 	EXP 	nasa_slider: markerPos = 8.142592592592592
144.6689 	EXP 	nasa_slider: markerPos = 8.142592592592592
144.6759 	EXP 	nasa_slider: markerPos = 8.142592592592592
144.6828 	EXP 	nasa_slider: markerPos = 8.142592592592592
144.6898 	EXP 	nasa_slider: markerPos = 8.142592592592592
144.6967 	EXP 	nasa_slider: markerPos = 8.142592592592592
144.7037 	EXP 	nasa_slider: markerPos = 8.142592592592592
144.7106 	EXP 	nasa_slider: markerPos = 8.142592592592592
144.7175 	EXP 	nasa_slider: markerPos = 8.142592592592592
144.7246 	EXP 	nasa_slider: markerPos = 8.142592592592592
144.7314 	EXP 	nasa_slider: markerPos = 8.142592592592592
144.7385 	EXP 	nasa_slider: markerPos = 8.142592592592592
144.7437 	DATA 	Mouse:  Left button up, pos=(826,532)
144.7455 	EXP 	nasa_slider: markerPos = 8.142592592592592
144.7524 	EXP 	nasa_slider: markerPos = 8.0
144.7533 	EXP 	New trial (rep=0, index=1): OrderedDict([('nasa_ques', '::: FRUSTRATION :::'), ('nasa_tre', 'Were you insecure, discouraged, irritated, stressed, and annoyed?')])
144.7687 	EXP 	nasa_question: autoDraw = False
144.7687 	EXP 	nasa_tresec: autoDraw = False
144.7687 	EXP 	nasa_slider: autoDraw = False
144.7687 	EXP 	nasa_question: height = 0.02
144.7687 	EXP 	nasa_question: height = 0.02
144.7687 	EXP 	nasa_question: height = 0.02
144.7687 	EXP 	nasa_question: text = '::: FRUSTRATION :::'
144.7687 	EXP 	nasa_tresec: height = 0.05
144.7687 	EXP 	nasa_tresec: height = 0.05
144.7687 	EXP 	nasa_tresec: height = 0.05
144.7687 	EXP 	nasa_tresec: text = 'Were you insecure, discouraged, irritated, stressed, and annoyed?'
144.7687 	EXP 	nasa_slider: markerPos = None
144.7687 	EXP 	nasa_slider: markerPos = None
144.7687 	EXP 	nasa_question: autoDraw = True
144.7687 	EXP 	nasa_tresec: autoDraw = True
144.7687 	EXP 	nasa_slider: autoDraw = True
145.2754 	DATA 	Mouse: Left button down, pos=(826,532)
145.2813 	EXP 	nasa_slider: markerPos = 8.142592592592592
145.2883 	EXP 	nasa_slider: markerPos = 8.142592592592592
145.2969 	EXP 	nasa_slider: markerPos = 8.142592592592592
145.3035 	EXP 	nasa_slider: markerPos = 8.142592592592592
145.3104 	EXP 	nasa_slider: markerPos = 8.142592592592592
145.3175 	EXP 	nasa_slider: markerPos = 8.142592592592592
145.3244 	EXP 	nasa_slider: markerPos = 8.142592592592592
145.3316 	EXP 	nasa_slider: markerPos = 8.142592592592592
145.3382 	EXP 	nasa_slider: markerPos = 8.142592592592592
145.3451 	EXP 	nasa_slider: markerPos = 8.142592592592592
145.3521 	EXP 	nasa_slider: markerPos = 8.142592592592592
145.3598 	EXP 	nasa_slider: markerPos = 8.142592592592592
145.3663 	EXP 	nasa_slider: markerPos = 8.142592592592592
145.3732 	EXP 	nasa_slider: markerPos = 8.142592592592592
145.3803 	EXP 	nasa_slider: markerPos = 8.142592592592592
145.3871 	EXP 	nasa_slider: markerPos = 8.142592592592592
145.3941 	EXP 	nasa_slider: markerPos = 8.142592592592592
145.4010 	EXP 	nasa_slider: markerPos = 8.142592592592592
145.4079 	EXP 	nasa_slider: markerPos = 8.142592592592592
145.4152 	EXP 	nasa_slider: markerPos = 8.142592592592592
145.4222 	EXP 	nasa_slider: markerPos = 8.142592592592592
145.4288 	EXP 	nasa_slider: markerPos = 8.142592592592592
145.4357 	EXP 	nasa_slider: markerPos = 8.142592592592592
145.4439 	EXP 	nasa_slider: markerPos = 8.142592592592592
145.4498 	EXP 	nasa_slider: markerPos = 8.142592592592592
145.4566 	EXP 	nasa_slider: markerPos = 8.142592592592592
145.4636 	EXP 	nasa_slider: markerPos = 8.142592592592592
145.4705 	EXP 	nasa_slider: markerPos = 8.142592592592592
145.4775 	EXP 	nasa_slider: markerPos = 8.142592592592592
145.4844 	EXP 	nasa_slider: markerPos = 8.142592592592592
145.4915 	EXP 	nasa_slider: markerPos = 8.142592592592592
145.4983 	EXP 	nasa_slider: markerPos = 8.142592592592592
145.5053 	EXP 	nasa_slider: markerPos = 8.142592592592592
145.5122 	EXP 	nasa_slider: markerPos = 8.142592592592592
145.5191 	EXP 	nasa_slider: markerPos = 8.142592592592592
145.5204 	DATA 	Mouse:  Left button up, pos=(826,532)
145.5207 	DATA 	Mouse: Left button down, pos=(826,532)
145.5270 	EXP 	nasa_slider: markerPos = 8.142592592592592
145.5330 	EXP 	nasa_slider: markerPos = 8.142592592592592
145.5400 	EXP 	nasa_slider: markerPos = 8.142592592592592
145.5470 	EXP 	nasa_slider: markerPos = 8.142592592592592
145.5538 	EXP 	nasa_slider: markerPos = 8.142592592592592
145.5617 	EXP 	nasa_slider: markerPos = 8.142592592592592
145.5678 	EXP 	nasa_slider: markerPos = 8.142592592592592
145.5756 	EXP 	nasa_slider: markerPos = 8.142592592592592
145.5816 	EXP 	nasa_slider: markerPos = 8.142592592592592
145.5886 	EXP 	nasa_slider: markerPos = 8.142592592592592
145.5956 	EXP 	nasa_slider: markerPos = 8.142592592592592
145.6025 	EXP 	nasa_slider: markerPos = 8.142592592592592
145.6113 	EXP 	nasa_slider: markerPos = 8.142592592592592
145.6172 	EXP 	nasa_slider: markerPos = 8.142592592592592
145.6241 	EXP 	nasa_slider: markerPos = 8.142592592592592
145.6312 	EXP 	nasa_slider: markerPos = 8.142592592592592
145.6380 	EXP 	nasa_slider: markerPos = 8.142592592592592
145.6481 	EXP 	nasa_slider: markerPos = 8.142592592592592
145.6551 	EXP 	nasa_slider: markerPos = 8.142592592592592
145.6621 	EXP 	nasa_slider: markerPos = 8.142592592592592
145.6690 	EXP 	nasa_slider: markerPos = 8.142592592592592
145.6759 	EXP 	nasa_slider: markerPos = 8.142592592592592
145.6773 	DATA 	Mouse:  Left button up, pos=(826,532)
145.6777 	DATA 	Mouse: Left button down, pos=(826,532)
145.6836 	EXP 	nasa_slider: markerPos = 8.142592592592592
145.6906 	EXP 	nasa_slider: markerPos = 8.142592592592592
145.6975 	EXP 	nasa_slider: markerPos = 8.142592592592592
145.7046 	EXP 	nasa_slider: markerPos = 8.142592592592592
145.7120 	EXP 	nasa_slider: markerPos = 8.142592592592592
145.7186 	EXP 	nasa_slider: markerPos = 8.142592592592592
145.7270 	EXP 	nasa_slider: markerPos = 8.142592592592592
145.7328 	EXP 	nasa_slider: markerPos = 8.142592592592592
145.7397 	EXP 	nasa_slider: markerPos = 8.142592592592592
145.7467 	EXP 	nasa_slider: markerPos = 8.142592592592592
145.7536 	EXP 	nasa_slider: markerPos = 8.142592592592592
145.7616 	EXP 	nasa_slider: markerPos = 8.142592592592592
145.7684 	EXP 	nasa_slider: markerPos = 8.142592592592592
145.7756 	EXP 	nasa_slider: markerPos = 8.142592592592592
145.7822 	EXP 	nasa_slider: markerPos = 8.142592592592592
145.7892 	EXP 	nasa_slider: markerPos = 8.142592592592592
145.7962 	EXP 	nasa_slider: markerPos = 8.142592592592592
145.8031 	EXP 	nasa_slider: markerPos = 8.142592592592592
145.8104 	EXP 	nasa_slider: markerPos = 8.142592592592592
145.8169 	EXP 	nasa_slider: markerPos = 8.142592592592592
145.8239 	EXP 	nasa_slider: markerPos = 8.142592592592592
145.8309 	EXP 	nasa_slider: markerPos = 8.142592592592592
145.8379 	EXP 	nasa_slider: markerPos = 8.142592592592592
145.8391 	DATA 	Mouse:  Left button up, pos=(826,532)
145.8393 	DATA 	Mouse: Left button down, pos=(826,532)
145.8466 	EXP 	nasa_slider: markerPos = 8.142592592592592
145.8527 	EXP 	nasa_slider: markerPos = 8.142592592592592
145.8601 	EXP 	nasa_slider: markerPos = 8.142592592592592
145.8667 	EXP 	nasa_slider: markerPos = 8.142592592592592
145.8736 	EXP 	nasa_slider: markerPos = 8.142592592592592
145.8806 	EXP 	nasa_slider: markerPos = 8.142592592592592
145.8876 	EXP 	nasa_slider: markerPos = 8.142592592592592
145.8964 	EXP 	nasa_slider: markerPos = 8.142592592592592
145.9031 	EXP 	nasa_slider: markerPos = 8.142592592592592
145.9104 	EXP 	nasa_slider: markerPos = 8.142592592592592
145.9173 	EXP 	nasa_slider: markerPos = 8.142592592592592
145.9244 	EXP 	nasa_slider: markerPos = 8.142592592592592
145.9312 	EXP 	nasa_slider: markerPos = 8.142592592592592
145.9382 	EXP 	nasa_slider: markerPos = 8.142592592592592
145.9451 	EXP 	nasa_slider: markerPos = 8.142592592592592
145.9521 	EXP 	nasa_slider: markerPos = 8.142592592592592
145.9600 	EXP 	nasa_slider: markerPos = 8.142592592592592
145.9660 	EXP 	nasa_slider: markerPos = 8.142592592592592
145.9730 	EXP 	nasa_slider: markerPos = 8.142592592592592
145.9798 	EXP 	nasa_slider: markerPos = 8.142592592592592
145.9869 	EXP 	nasa_slider: markerPos = 8.142592592592592
145.9937 	EXP 	nasa_slider: markerPos = 8.142592592592592
146.0008 	EXP 	nasa_slider: markerPos = 8.142592592592592
146.0078 	EXP 	nasa_slider: markerPos = 8.142592592592592
146.0146 	EXP 	nasa_slider: markerPos = 8.142592592592592
146.0216 	EXP 	nasa_slider: markerPos = 8.142592592592592
146.0267 	DATA 	Mouse:  Left button up, pos=(826,532)
146.0268 	DATA 	Mouse: Left button down, pos=(826,532)
146.0284 	EXP 	nasa_slider: markerPos = 8.142592592592592
146.0354 	EXP 	nasa_slider: markerPos = 8.142592592592592
146.0433 	EXP 	nasa_slider: markerPos = 8.142592592592592
146.0494 	EXP 	nasa_slider: markerPos = 8.142592592592592
146.0563 	EXP 	nasa_slider: markerPos = 8.142592592592592
146.0633 	EXP 	nasa_slider: markerPos = 8.142592592592592
146.0702 	EXP 	nasa_slider: markerPos = 8.142592592592592
146.0772 	EXP 	nasa_slider: markerPos = 8.142592592592592
146.0842 	EXP 	nasa_slider: markerPos = 8.142592592592592
146.0910 	EXP 	nasa_slider: markerPos = 8.142592592592592
146.0983 	EXP 	nasa_slider: markerPos = 8.142592592592592
146.1049 	EXP 	nasa_slider: markerPos = 8.142592592592592
146.1122 	EXP 	nasa_slider: markerPos = 8.142592592592592
146.1188 	EXP 	nasa_slider: markerPos = 8.142592592592592
146.1266 	EXP 	nasa_slider: markerPos = 8.142592592592592
146.1327 	EXP 	nasa_slider: markerPos = 8.142592592592592
146.1397 	EXP 	nasa_slider: markerPos = 8.142592592592592
146.1467 	EXP 	nasa_slider: markerPos = 8.142592592592592
146.1536 	EXP 	nasa_slider: markerPos = 8.142592592592592
146.1609 	EXP 	nasa_slider: markerPos = 8.142592592592592
146.1675 	EXP 	nasa_slider: markerPos = 8.142592592592592
146.1765 	EXP 	nasa_slider: markerPos = 8.142592592592592
146.1820 	EXP 	nasa_slider: markerPos = 8.142592592592592
146.1890 	EXP 	nasa_slider: markerPos = 8.142592592592592
146.1958 	EXP 	nasa_slider: markerPos = 8.142592592592592
146.2028 	EXP 	nasa_slider: markerPos = 8.142592592592592
146.2103 	EXP 	nasa_slider: markerPos = 8.142592592592592
146.2167 	EXP 	nasa_slider: markerPos = 8.142592592592592
146.2237 	EXP 	nasa_slider: markerPos = 8.142592592592592
146.2250 	DATA 	Mouse:  Left button up, pos=(826,532)
146.2252 	DATA 	Mouse: Left button down, pos=(826,532)
146.2306 	EXP 	nasa_slider: markerPos = 8.142592592592592
146.2376 	EXP 	nasa_slider: markerPos = 8.142592592592592
146.2461 	EXP 	nasa_slider: markerPos = 8.142592592592592
146.2516 	EXP 	nasa_slider: markerPos = 8.142592592592592
146.2588 	EXP 	nasa_slider: markerPos = 8.142592592592592
146.2655 	EXP 	nasa_slider: markerPos = 8.142592592592592
146.2724 	EXP 	nasa_slider: markerPos = 8.142592592592592
146.2794 	EXP 	nasa_slider: markerPos = 8.142592592592592
146.2863 	EXP 	nasa_slider: markerPos = 8.142592592592592
146.2936 	EXP 	nasa_slider: markerPos = 8.142592592592592
146.3002 	EXP 	nasa_slider: markerPos = 8.142592592592592
146.3072 	EXP 	nasa_slider: markerPos = 8.142592592592592
146.3141 	EXP 	nasa_slider: markerPos = 8.142592592592592
146.3211 	EXP 	nasa_slider: markerPos = 8.142592592592592
146.3293 	EXP 	nasa_slider: markerPos = 8.142592592592592
146.3349 	EXP 	nasa_slider: markerPos = 8.142592592592592
146.3426 	EXP 	nasa_slider: markerPos = 8.142592592592592
146.3488 	EXP 	nasa_slider: markerPos = 8.142592592592592
146.3557 	EXP 	nasa_slider: markerPos = 8.142592592592592
146.3632 	EXP 	nasa_slider: markerPos = 8.142592592592592
146.3696 	EXP 	nasa_slider: markerPos = 8.142592592592592
146.3769 	EXP 	nasa_slider: markerPos = 8.142592592592592
146.3835 	EXP 	nasa_slider: markerPos = 8.142592592592592
146.3880 	DATA 	Mouse:  Left button up, pos=(826,532)
146.3882 	DATA 	Mouse: Left button down, pos=(826,532)
146.3904 	EXP 	nasa_slider: markerPos = 8.142592592592592
146.3974 	EXP 	nasa_slider: markerPos = 8.142592592592592
146.4044 	EXP 	nasa_slider: markerPos = 8.142592592592592
146.4129 	EXP 	nasa_slider: markerPos = 8.142592592592592
146.4182 	EXP 	nasa_slider: markerPos = 8.142592592592592
146.4255 	EXP 	nasa_slider: markerPos = 8.142592592592592
146.4321 	EXP 	nasa_slider: markerPos = 8.142592592592592
146.4391 	EXP 	nasa_slider: markerPos = 8.142592592592592
146.4465 	EXP 	nasa_slider: markerPos = 8.142592592592592
146.4530 	EXP 	nasa_slider: markerPos = 8.142592592592592
146.4599 	EXP 	nasa_slider: markerPos = 8.142592592592592
146.4669 	EXP 	nasa_slider: markerPos = 8.142592592592592
146.4738 	EXP 	nasa_slider: markerPos = 8.142592592592592
146.4808 	EXP 	nasa_slider: markerPos = 8.142592592592592
146.4878 	EXP 	nasa_slider: markerPos = 8.142592592592592
146.4961 	EXP 	nasa_slider: markerPos = 8.142592592592592
146.5016 	EXP 	nasa_slider: markerPos = 8.142592592592592
146.5089 	EXP 	nasa_slider: markerPos = 8.142592592592592
146.5155 	EXP 	nasa_slider: markerPos = 8.142592592592592
146.5225 	EXP 	nasa_slider: markerPos = 8.142592592592592
146.5297 	EXP 	nasa_slider: markerPos = 8.142592592592592
146.5364 	EXP 	nasa_slider: markerPos = 8.142592592592592
146.5438 	EXP 	nasa_slider: markerPos = 8.142592592592592
146.5506 	EXP 	nasa_slider: markerPos = 8.142592592592592
146.5576 	EXP 	nasa_slider: markerPos = 8.142592592592592
146.5588 	DATA 	Mouse:  Left button up, pos=(826,532)
146.5590 	DATA 	Mouse: Left button down, pos=(826,532)
146.5645 	EXP 	nasa_slider: markerPos = 8.142592592592592
146.5715 	EXP 	nasa_slider: markerPos = 8.142592592592592
146.5784 	EXP 	nasa_slider: markerPos = 8.142592592592592
146.5854 	EXP 	nasa_slider: markerPos = 8.142592592592592
146.5923 	EXP 	nasa_slider: markerPos = 8.142592592592592
146.5993 	EXP 	nasa_slider: markerPos = 8.142592592592592
146.6063 	EXP 	nasa_slider: markerPos = 8.142592592592592
146.6137 	EXP 	nasa_slider: markerPos = 8.142592592592592
146.6201 	EXP 	nasa_slider: markerPos = 8.142592592592592
146.6273 	EXP 	nasa_slider: markerPos = 8.142592592592592
146.6342 	EXP 	nasa_slider: markerPos = 8.142592592592592
146.6411 	EXP 	nasa_slider: markerPos = 8.142592592592592
146.6480 	EXP 	nasa_slider: markerPos = 8.142592592592592
146.6549 	EXP 	nasa_slider: markerPos = 8.142592592592592
146.6621 	EXP 	nasa_slider: markerPos = 8.142592592592592
146.6689 	EXP 	nasa_slider: markerPos = 8.142592592592592
146.6758 	EXP 	nasa_slider: markerPos = 8.142592592592592
146.6827 	EXP 	nasa_slider: markerPos = 8.142592592592592
146.6897 	EXP 	nasa_slider: markerPos = 8.142592592592592
146.6969 	EXP 	nasa_slider: markerPos = 8.142592592592592
146.7036 	EXP 	nasa_slider: markerPos = 8.142592592592592
146.7106 	EXP 	nasa_slider: markerPos = 8.142592592592592
146.7175 	EXP 	nasa_slider: markerPos = 8.142592592592592
146.7244 	EXP 	nasa_slider: markerPos = 8.142592592592592
146.7258 	DATA 	Mouse:  Left button up, pos=(826,532)
146.7262 	DATA 	Mouse: Left button down, pos=(826,532)
146.7313 	EXP 	nasa_slider: markerPos = 8.142592592592592
146.7383 	EXP 	nasa_slider: markerPos = 8.142592592592592
146.7452 	EXP 	nasa_slider: markerPos = 8.142592592592592
146.7522 	EXP 	nasa_slider: markerPos = 8.142592592592592
146.7607 	EXP 	nasa_slider: markerPos = 8.142592592592592
146.7663 	EXP 	nasa_slider: markerPos = 8.142592592592592
146.7733 	EXP 	nasa_slider: markerPos = 8.142592592592592
146.7802 	EXP 	nasa_slider: markerPos = 8.142592592592592
146.7871 	EXP 	nasa_slider: markerPos = 8.142592592592592
146.7941 	EXP 	nasa_slider: markerPos = 8.142592592592592
146.8010 	EXP 	nasa_slider: markerPos = 8.142592592592592
146.8080 	EXP 	nasa_slider: markerPos = 8.142592592592592
146.8150 	EXP 	nasa_slider: markerPos = 8.142592592592592
146.8222 	EXP 	nasa_slider: markerPos = 8.142592592592592
146.8288 	EXP 	nasa_slider: markerPos = 8.142592592592592
146.8358 	EXP 	nasa_slider: markerPos = 8.142592592592592
146.8439 	EXP 	nasa_slider: markerPos = 8.142592592592592
146.8497 	EXP 	nasa_slider: markerPos = 8.142592592592592
146.8566 	EXP 	nasa_slider: markerPos = 8.142592592592592
146.8637 	EXP 	nasa_slider: markerPos = 8.142592592592592
146.8706 	EXP 	nasa_slider: markerPos = 8.142592592592592
146.8776 	EXP 	nasa_slider: markerPos = 8.142592592592592
146.8845 	EXP 	nasa_slider: markerPos = 8.142592592592592
146.8914 	EXP 	nasa_slider: markerPos = 8.142592592592592
146.8983 	EXP 	nasa_slider: markerPos = 8.142592592592592
146.9053 	EXP 	nasa_slider: markerPos = 8.142592592592592
146.9122 	EXP 	nasa_slider: markerPos = 8.142592592592592
146.9192 	EXP 	nasa_slider: markerPos = 8.142592592592592
146.9282 	EXP 	nasa_slider: markerPos = 8.142592592592592
146.9336 	EXP 	nasa_slider: markerPos = 8.142592592592592
146.9406 	EXP 	nasa_slider: markerPos = 8.142592592592592
146.9475 	EXP 	nasa_slider: markerPos = 8.142592592592592
146.9521 	DATA 	Mouse:  Left button up, pos=(826,532)
146.9544 	EXP 	nasa_slider: markerPos = 8.142592592592592
146.9625 	EXP 	nasa_slider: markerPos = 8.0
146.9636 	EXP 	New trial (rep=0, index=2): OrderedDict([('nasa_ques', '::: PERFORMANCE :::'), ('nasa_tre', 'Were you successful in accomplishing what you were asked to do?')])
146.9777 	EXP 	nasa_question: autoDraw = False
146.9777 	EXP 	nasa_tresec: autoDraw = False
146.9777 	EXP 	nasa_slider: autoDraw = False
146.9777 	EXP 	nasa_question: height = 0.02
146.9777 	EXP 	nasa_question: height = 0.02
146.9777 	EXP 	nasa_question: height = 0.02
146.9777 	EXP 	nasa_question: text = '::: PERFORMANCE :::'
146.9777 	EXP 	nasa_tresec: height = 0.05
146.9777 	EXP 	nasa_tresec: height = 0.05
146.9777 	EXP 	nasa_tresec: height = 0.05
146.9777 	EXP 	nasa_tresec: text = 'Were you successful in accomplishing what you were asked to do?'
146.9777 	EXP 	nasa_slider: markerPos = None
146.9777 	EXP 	nasa_slider: markerPos = None
146.9777 	EXP 	nasa_question: autoDraw = True
146.9777 	EXP 	nasa_tresec: autoDraw = True
146.9777 	EXP 	nasa_slider: autoDraw = True
148.0939 	DATA 	Mouse: Left button down, pos=(936,548)
148.1033 	EXP 	nasa_slider: markerPos = 10.077777777777778
148.1106 	EXP 	nasa_slider: markerPos = 10.077777777777778
148.1174 	EXP 	nasa_slider: markerPos = 10.077777777777778
148.1243 	EXP 	nasa_slider: markerPos = 10.077777777777778
148.1319 	EXP 	nasa_slider: markerPos = 10.077777777777778
148.1387 	EXP 	nasa_slider: markerPos = 10.077777777777778
148.1456 	EXP 	nasa_slider: markerPos = 10.077777777777778
148.1526 	EXP 	nasa_slider: markerPos = 10.077777777777778
148.1611 	EXP 	nasa_slider: markerPos = 10.077777777777778
148.1664 	EXP 	nasa_slider: markerPos = 10.077777777777778
148.1734 	EXP 	nasa_slider: markerPos = 10.077777777777778
148.1804 	EXP 	nasa_slider: markerPos = 10.077777777777778
148.1873 	EXP 	nasa_slider: markerPos = 10.077777777777778
148.1942 	EXP 	nasa_slider: markerPos = 10.077777777777778
148.2013 	EXP 	nasa_slider: markerPos = 10.077777777777778
148.2082 	EXP 	nasa_slider: markerPos = 10.077777777777778
148.2151 	EXP 	nasa_slider: markerPos = 10.077777777777778
148.2222 	EXP 	nasa_slider: markerPos = 10.077777777777778
148.2290 	EXP 	nasa_slider: markerPos = 10.077777777777778
148.2360 	EXP 	nasa_slider: markerPos = 10.077777777777778
148.2437 	EXP 	nasa_slider: markerPos = 10.077777777777778
148.2498 	EXP 	nasa_slider: markerPos = 10.077777777777778
148.2568 	EXP 	nasa_slider: markerPos = 10.077777777777778
148.2638 	EXP 	nasa_slider: markerPos = 10.077777777777778
148.2707 	EXP 	nasa_slider: markerPos = 10.077777777777778
148.2776 	EXP 	nasa_slider: markerPos = 10.077777777777778
148.2846 	EXP 	nasa_slider: markerPos = 10.077777777777778
148.2916 	EXP 	nasa_slider: markerPos = 10.077777777777778
148.2985 	EXP 	nasa_slider: markerPos = 10.077777777777778
148.3055 	EXP 	nasa_slider: markerPos = 10.077777777777778
148.3124 	EXP 	nasa_slider: markerPos = 10.077777777777778
148.3171 	DATA 	Mouse:  Left button up, pos=(936,548)
148.3193 	EXP 	nasa_slider: markerPos = 10.077777777777778
148.3279 	EXP 	nasa_slider: markerPos = 10.0
148.3290 	EXP 	New trial (rep=0, index=3): OrderedDict([('nasa_ques', '::: PHYSICAL DEMAND :::'), ('nasa_tre', 'Was the task physically demanding?')])
148.3409 	EXP 	nasa_question: autoDraw = False
148.3409 	EXP 	nasa_tresec: autoDraw = False
148.3409 	EXP 	nasa_slider: autoDraw = False
148.3409 	EXP 	nasa_question: height = 0.02
148.3409 	EXP 	nasa_question: height = 0.02
148.3409 	EXP 	nasa_question: height = 0.02
148.3409 	EXP 	nasa_question: text = '::: PHYSICAL DEMAND :::'
148.3409 	EXP 	nasa_tresec: height = 0.05
148.3409 	EXP 	nasa_tresec: height = 0.05
148.3409 	EXP 	nasa_tresec: height = 0.05
148.3409 	EXP 	nasa_tresec: text = 'Was the task physically demanding?'
148.3409 	EXP 	nasa_slider: markerPos = None
148.3409 	EXP 	nasa_slider: markerPos = None
148.3409 	EXP 	nasa_question: autoDraw = True
148.3409 	EXP 	nasa_tresec: autoDraw = True
148.3409 	EXP 	nasa_slider: autoDraw = True
148.7184 	DATA 	Mouse: Left button down, pos=(936,548)
148.7297 	EXP 	nasa_slider: markerPos = 10.077777777777778
148.7359 	EXP 	nasa_slider: markerPos = 10.077777777777778
148.7433 	EXP 	nasa_slider: markerPos = 10.077777777777778
148.7498 	EXP 	nasa_slider: markerPos = 10.077777777777778
148.7568 	EXP 	nasa_slider: markerPos = 10.077777777777778
148.7644 	EXP 	nasa_slider: markerPos = 10.077777777777778
148.7708 	EXP 	nasa_slider: markerPos = 10.077777777777778
148.7776 	EXP 	nasa_slider: markerPos = 10.077777777777778
148.7846 	EXP 	nasa_slider: markerPos = 10.077777777777778
148.7916 	EXP 	nasa_slider: markerPos = 10.077777777777778
148.7985 	EXP 	nasa_slider: markerPos = 10.077777777777778
148.8055 	EXP 	nasa_slider: markerPos = 10.077777777777778
148.8129 	EXP 	nasa_slider: markerPos = 10.077777777777778
148.8196 	EXP 	nasa_slider: markerPos = 10.077777777777778
148.8276 	EXP 	nasa_slider: markerPos = 10.077777777777778
148.8345 	EXP 	nasa_slider: markerPos = 10.077777777777778
148.8414 	EXP 	nasa_slider: markerPos = 10.077777777777778
148.8483 	EXP 	nasa_slider: markerPos = 10.077777777777778
148.8553 	EXP 	nasa_slider: markerPos = 10.077777777777778
148.8623 	EXP 	nasa_slider: markerPos = 10.077777777777778
148.8693 	EXP 	nasa_slider: markerPos = 10.077777777777778
148.8762 	EXP 	nasa_slider: markerPos = 10.077777777777778
148.8832 	EXP 	nasa_slider: markerPos = 10.077777777777778
148.8901 	EXP 	nasa_slider: markerPos = 10.077777777777778
148.8981 	EXP 	nasa_slider: markerPos = 10.077777777777778
148.9043 	EXP 	nasa_slider: markerPos = 10.077777777777778
148.9112 	EXP 	nasa_slider: markerPos = 10.077777777777778
148.9183 	EXP 	nasa_slider: markerPos = 10.077777777777778
148.9253 	EXP 	nasa_slider: markerPos = 10.077777777777778
148.9334 	EXP 	nasa_slider: markerPos = 10.077777777777778
148.9345 	DATA 	Mouse:  Left button up, pos=(936,548)
148.9393 	EXP 	nasa_slider: markerPos = 10.0
148.9401 	EXP 	New trial (rep=0, index=4): OrderedDict([('nasa_ques', '::: EFFORT :::'), ('nasa_tre', 'Did you have to work hard to accomplish your level of performance?')])
148.9529 	EXP 	nasa_question: autoDraw = False
148.9529 	EXP 	nasa_tresec: autoDraw = False
148.9529 	EXP 	nasa_slider: autoDraw = False
148.9529 	EXP 	nasa_question: height = 0.02
148.9529 	EXP 	nasa_question: height = 0.02
148.9529 	EXP 	nasa_question: height = 0.02
148.9529 	EXP 	nasa_question: text = '::: EFFORT :::'
148.9529 	EXP 	nasa_tresec: height = 0.05
148.9529 	EXP 	nasa_tresec: height = 0.05
148.9529 	EXP 	nasa_tresec: height = 0.05
148.9529 	EXP 	nasa_tresec: text = 'Did you have to work hard to accomplish your level of performance?'
148.9529 	EXP 	nasa_slider: markerPos = None
148.9529 	EXP 	nasa_slider: markerPos = None
148.9529 	EXP 	nasa_question: autoDraw = True
148.9529 	EXP 	nasa_tresec: autoDraw = True
148.9529 	EXP 	nasa_slider: autoDraw = True
149.2813 	DATA 	Mouse: Left button down, pos=(936,548)
149.2871 	EXP 	nasa_slider: markerPos = 10.077777777777778
149.2957 	EXP 	nasa_slider: markerPos = 10.077777777777778
149.3022 	EXP 	nasa_slider: markerPos = 10.077777777777778
149.3108 	EXP 	nasa_slider: markerPos = 10.077777777777778
149.3173 	EXP 	nasa_slider: markerPos = 10.077777777777778
149.3246 	EXP 	nasa_slider: markerPos = 10.077777777777778
149.3314 	EXP 	nasa_slider: markerPos = 10.077777777777778
149.3385 	EXP 	nasa_slider: markerPos = 10.077777777777778
149.3453 	EXP 	nasa_slider: markerPos = 10.077777777777778
149.3523 	EXP 	nasa_slider: markerPos = 10.077777777777778
149.3602 	EXP 	nasa_slider: markerPos = 10.077777777777778
149.3673 	EXP 	nasa_slider: markerPos = 10.077777777777778
149.3743 	EXP 	nasa_slider: markerPos = 10.077777777777778
149.3812 	EXP 	nasa_slider: markerPos = 10.077777777777778
149.3882 	EXP 	nasa_slider: markerPos = 10.077777777777778
149.3957 	EXP 	nasa_slider: markerPos = 10.077777777777778
149.4027 	EXP 	nasa_slider: markerPos = 10.077777777777778
149.4118 	EXP 	nasa_slider: markerPos = 10.077777777777778
149.4173 	EXP 	nasa_slider: markerPos = 10.077777777777778
149.4242 	EXP 	nasa_slider: markerPos = 10.077777777777778
149.4312 	EXP 	nasa_slider: markerPos = 10.077777777777778
149.4381 	EXP 	nasa_slider: markerPos = 10.077777777777778
149.4464 	EXP 	nasa_slider: markerPos = 10.077777777777778
149.4536 	EXP 	nasa_slider: markerPos = 10.077777777777778
149.4604 	EXP 	nasa_slider: markerPos = 10.077777777777778
149.4674 	EXP 	nasa_slider: markerPos = 10.077777777777778
149.4745 	EXP 	nasa_slider: markerPos = 10.077777777777778
149.4814 	EXP 	nasa_slider: markerPos = 10.077777777777778
149.4882 	EXP 	nasa_slider: markerPos = 10.077777777777778
149.4926 	DATA 	Mouse:  Left button up, pos=(936,548)
149.4964 	EXP 	nasa_slider: markerPos = 10.077777777777778
149.5030 	EXP 	nasa_slider: markerPos = 10.0
149.5038 	EXP 	New trial (rep=0, index=5): OrderedDict([('nasa_ques', '::: TEMPORAL DEMAND :::'), ('nasa_tre', 'Were you hurried or rushed to pace of the task?')])
149.5147 	EXP 	nasa_question: autoDraw = False
149.5147 	EXP 	nasa_tresec: autoDraw = False
149.5147 	EXP 	nasa_slider: autoDraw = False
149.5147 	EXP 	nasa_question: height = 0.02
149.5147 	EXP 	nasa_question: height = 0.02
149.5147 	EXP 	nasa_question: height = 0.02
149.5147 	EXP 	nasa_question: text = '::: TEMPORAL DEMAND :::'
149.5147 	EXP 	nasa_tresec: height = 0.05
149.5147 	EXP 	nasa_tresec: height = 0.05
149.5147 	EXP 	nasa_tresec: height = 0.05
149.5147 	EXP 	nasa_tresec: text = 'Were you hurried or rushed to pace of the task?'
149.5147 	EXP 	nasa_slider: markerPos = None
149.5147 	EXP 	nasa_slider: markerPos = None
149.5147 	EXP 	nasa_question: autoDraw = True
149.5147 	EXP 	nasa_tresec: autoDraw = True
149.5147 	EXP 	nasa_slider: autoDraw = True
149.6916 	DATA 	Mouse: Left button down, pos=(936,548)
149.6970 	EXP 	nasa_slider: markerPos = 10.077777777777778
149.7040 	EXP 	nasa_slider: markerPos = 10.077777777777778
149.7109 	EXP 	nasa_slider: markerPos = 10.077777777777778
149.7180 	EXP 	nasa_slider: markerPos = 10.077777777777778
149.7248 	EXP 	nasa_slider: markerPos = 10.077777777777778
149.7327 	EXP 	nasa_slider: markerPos = 10.077777777777778
149.7392 	EXP 	nasa_slider: markerPos = 10.077777777777778
149.7461 	EXP 	nasa_slider: markerPos = 10.077777777777778
149.7530 	EXP 	nasa_slider: markerPos = 10.077777777777778
149.7615 	EXP 	nasa_slider: markerPos = 10.077777777777778
149.7671 	EXP 	nasa_slider: markerPos = 10.077777777777778
149.7745 	EXP 	nasa_slider: markerPos = 10.077777777777778
149.7809 	EXP 	nasa_slider: markerPos = 10.077777777777778
149.7879 	EXP 	nasa_slider: markerPos = 10.077777777777778
149.7949 	EXP 	nasa_slider: markerPos = 10.077777777777778
149.8021 	EXP 	nasa_slider: markerPos = 10.077777777777778
149.8103 	EXP 	nasa_slider: markerPos = 10.077777777777778
149.8166 	EXP 	nasa_slider: markerPos = 10.077777777777778
149.8236 	EXP 	nasa_slider: markerPos = 10.077777777777778
149.8305 	EXP 	nasa_slider: markerPos = 10.077777777777778
149.8374 	EXP 	nasa_slider: markerPos = 10.077777777777778
149.8455 	EXP 	nasa_slider: markerPos = 10.077777777777778
149.8513 	EXP 	nasa_slider: markerPos = 10.077777777777778
149.8586 	EXP 	nasa_slider: markerPos = 10.077777777777778
149.8652 	EXP 	nasa_slider: markerPos = 10.077777777777778
149.8722 	EXP 	nasa_slider: markerPos = 10.077777777777778
149.8791 	EXP 	nasa_slider: markerPos = 10.077777777777778
149.8861 	EXP 	nasa_slider: markerPos = 10.077777777777778
149.8941 	EXP 	nasa_slider: markerPos = 10.077777777777778
149.9000 	EXP 	nasa_slider: markerPos = 10.077777777777778
149.9069 	EXP 	nasa_slider: markerPos = 10.077777777777778
149.9139 	EXP 	nasa_slider: markerPos = 10.077777777777778
149.9191 	DATA 	Mouse:  Left button up, pos=(936,548)
149.9208 	EXP 	nasa_slider: markerPos = 10.077777777777778
149.9294 	EXP 	nasa_slider: markerPos = 10.0
149.9361 	EXP 	nasa_question: autoDraw = False
149.9361 	EXP 	nasa_tresec: autoDraw = False
149.9361 	EXP 	nasa_slider: autoDraw = False
149.9361 	EXP 	end_img: autoDraw = True
150.1537 	DATA 	Mouse: Left button down, pos=(936,548)
150.3730 	DATA 	Mouse:  Left button up, pos=(936,548)
150.7411 	DATA 	Keypress: space
150.7468 	EXP 	end_img: autoDraw = False
150.8116 	EXP 	window1: mouseVisible = True
